This file contains any messages produced by compilers while
running configure, to aid debugging if configure makes a mistake.

It was created by LLVM Sample Module configure 1.0, which was
generated by GNU Autoconf 2.60.  Invocation command line was

  $ ./configure --prefix= --with-llvm-top=

## --------- ##
## Platform. ##
## --------- ##

hostname = Desktop
uname -m = unknown
uname -r = unknown
uname -s = unknown
uname -v = unknown

/usr/bin/uname -p = unknown
/bin/uname -X     = unknown

/bin/arch              = unknown
/usr/bin/arch -k       = unknown
/usr/convex/getsysinfo = unknown
/usr/bin/hostinfo      = unknown
/bin/machine           = unknown
/usr/bin/oslevel       = unknown
/bin/universe          = unknown

PATH: /c/Users/natew/bin
PATH: /mingw64/bin
PATH: /usr/local/bin
PATH: /usr/bin
PATH: /bin
PATH: /mingw64/bin
PATH: /usr/bin
PATH: /c/Users/natew/bin
PATH: /c/Program Files/Microsoft MPI/Bin
PATH: /e/Program-Files/Editor/Python/venv/Scripts
PATH: /e/Program-Files/Editor/Python
PATH: /c/WINDOWS/system32
PATH: /c/WINDOWS
PATH: /c/WINDOWS/System32/Wbem
PATH: /c/WINDOWS/System32/WindowsPowerShell/v1.0
PATH: /c/WINDOWS/System32/OpenSSH
PATH: /c/Program Files (x86)/Subversion/bin
PATH: /c/Program Files/Mercurial
PATH: /e/Program-Files/Editor/nodejs
PATH: /c/ProgramData/chocolatey/bin
PATH: /c/Program Files (x86)/WindowsPowerShell/7-preview/preview
PATH: /e/Program-Files/Editor/VS-Code/bin
PATH: /c/Program Files (x86)/Yarn/bin
PATH: /e/Program-Files/Maintenance/Bitcoin/GnuPG/bin
PATH: /e/Program-Files/Audio, Pic & Video/sox
PATH: /e/Program-Files/Docs/Markdown/Markdown-Monster
PATH: /cmd
PATH: /c/metasploit-framework/bin
PATH: /c/Program Files (x86)/Microsoft SQL Server/150/DTS/Binn
PATH: /c/Program Files (x86)/Microsoft SQL Server/150/Tools/Binn
PATH: /c/Program Files/Microsoft SQL Server/150/Tools/Binn
PATH: /c/Program Files/Microsoft SQL Server/150/DTS/Binn
PATH: /c/Program Files/Microsoft SQL Server/Client SDK/ODBC/170/Tools/Binn
PATH: /e/Program-Files/Editor/Ruby/bin
PATH: /c/Users/natew/AppData/Local/Microsoft/WindowsApps
PATH: /e/Program-Files/Docs/Markdown/Markdown-Monster
PATH: /c/Users/natew/AppData/Local/GitHubDesktop/bin
PATH: /c/Users/natew/AppData/Roaming/npm
PATH: /c/Users/natew/AppData/Local/Yarn/bin
PATH: /e/Program-Files/Editor/JetBrains/PyCharm Edu/bin
PATH: /e/Program-Files/Audio, Pic & Video/sox
PATH: /c/Program Files/heroku/bin
PATH: /e/Program-Files/Editor/Python/python.exe
PATH: /e/Program-Files/Editor/Python/venv/Scripts
PATH: /usr/bin/vendor_perl
PATH: /usr/bin/core_perl
PATH: /c/Users/natew/.npm-global/bin
PATH: /c/Users/natew/.npm-global/bin


## ----------- ##
## Core tests. ##
## ----------- ##

configure:1639: error: "The LLVM_TOP directory () is not a directory!"

## ---------------- ##
## Cache variables. ##
## ---------------- ##

ac_cv_env_build_alias_set=
ac_cv_env_build_alias_value=
ac_cv_env_host_alias_set=
ac_cv_env_host_alias_value=
ac_cv_env_target_alias_set=
ac_cv_env_target_alias_value=

## ----------------- ##
## Output variables. ##
## ----------------- ##

DEFS=''
ECHO_C=''
ECHO_N='-n'
ECHO_T=''
LIBOBJS=''
LIBS=''
LLVM_CONFIGTIME=''
LLVM_COPYRIGHT=''
LLVM_MODULE_BUGREPORT=''
LLVM_MODULE_DEPENDS_ON=''
LLVM_MODULE_FULLNAME=''
LLVM_MODULE_NAME=''
LLVM_MODULE_TARNAME=''
LLVM_MODULE_VERSION=''
LLVM_TOP=''
LTLIBOBJS=''
PACKAGE_BUGREPORT='bugs@yourdomain.tld'
PACKAGE_NAME='LLVM Sample Module'
PACKAGE_STRING='LLVM Sample Module 1.0'
PACKAGE_TARNAME='sample'
PACKAGE_VERSION='1.0'
PATH_SEPARATOR=':'
SHELL='/bin/sh'
bindir='${exec_prefix}/bin'
build_alias=''
datadir='${datarootdir}'
datarootdir='${prefix}/share'
docdir='${datarootdir}/doc/${PACKAGE_TARNAME}'
dvidir='${docdir}'
exec_prefix='NONE'
host_alias=''
htmldir='${docdir}'
includedir='${prefix}/include'
infodir='${datarootdir}/info'
libdir='${exec_prefix}/lib'
libexecdir='${exec_prefix}/libexec'
localedir='${datarootdir}/locale'
localstatedir='${prefix}/var'
mandir='${datarootdir}/man'
oldincludedir='/usr/include'
pdfdir='${docdir}'
prefix=''
program_transform_name='s,x,x,'
psdir='${docdir}'
sbindir='${exec_prefix}/sbin'
sharedstatedir='${prefix}/com'
sysconfdir='${prefix}/etc'
target_alias=''

## ----------- ##
## confdefs.h. ##
## ----------- ##

#define PACKAGE_NAME "LLVM Sample Module"
#define PACKAGE_TARNAME "sample"
#define PACKAGE_VERSION "1.0"
#define PACKAGE_STRING "LLVM Sample Module 1.0"
#define PACKAGE_BUGREPORT "bugs@yourdomain.tld"

configure: exit 1
